2021-04-17 14:37:32,314 [main] INFO Zoopla Automation - ******** > Test excuted with chrome browser  < ***********
2021-04-17 14:37:35,210 [main] INFO Zoopla Automation - ******** > User able to enter URL  < ***********
2021-04-17 14:37:37,618 [main] INFO Zoopla Automation - ******** > User able click on Accept the cookies < ***********
2021-04-17 14:37:37,820 [main] INFO Zoopla Automation - ******** > User able to click on the login button < ***********
2021-04-17 14:37:39,244 [main] INFO Zoopla Automation - ******** > User enter the userName & Peassword < ***********
2021-04-17 14:37:39,677 [main] INFO Zoopla Automation - ******** > User click on the signing button < ***********
2021-04-17 14:37:39,705 [main] INFO Zoopla Automation - ******** > User able to verify successfully login & verify the homepage title < ***********
2021-04-17 14:38:53,316 [main] INFO Zoopla Automation - ******** > Test excuted with chrome browser  < ***********
2021-04-17 14:38:56,102 [main] INFO Zoopla Automation - ******** > User able to enter URL  < ***********
2021-04-17 14:38:58,442 [main] INFO Zoopla Automation - ******** > User able click on Accept the cookies < ***********
2021-04-17 14:38:58,651 [main] INFO Zoopla Automation - ******** > User able to click on the login button < ***********
2021-04-17 14:39:00,310 [main] INFO Zoopla Automation - ******** > User enter the userName & Peassword < ***********
2021-04-17 14:39:00,707 [main] INFO Zoopla Automation - ******** > User click on the signing button < ***********
2021-04-17 14:39:00,734 [main] INFO Zoopla Automation - ******** > User able to verify successfully login & verify the homepage title < ***********
2021-04-17 14:58:39,171 [main] INFO Zoopla Automation - ******** > Test excuted with chrome browser  < ***********
2021-04-17 14:58:42,121 [main] INFO Zoopla Automation - ******** > User able to enter URL  < ***********
2021-04-17 14:58:44,402 [main] INFO Zoopla Automation - ******** > User able click on Accept the cookies < ***********
2021-04-17 14:58:44,603 [main] INFO Zoopla Automation - ******** > User able to click on the login button < ***********
2021-04-17 14:58:46,305 [main] INFO Zoopla Automation - ******** > User enter the userName & Peassword < ***********
2021-04-17 14:58:46,686 [main] INFO Zoopla Automation - ******** > User click on the signing button < ***********
2021-04-17 14:58:46,710 [main] INFO Zoopla Automation - ******** > User able to verify successfully login & verify the homepage title < ***********
2021-04-17 15:00:10,796 [main] INFO Zoopla Automation - ******** > Test excuted with chrome browser  < ***********
2021-04-17 15:00:13,099 [main] INFO Zoopla Automation - ******** > User able to enter URL  < ***********
2021-04-17 15:00:14,929 [main] INFO Zoopla Automation - ******** > User able click on Accept the cookies < ***********
2021-04-17 15:00:15,118 [main] INFO Zoopla Automation - ******** > User able to click on the login button < ***********
2021-04-17 15:00:16,541 [main] INFO Zoopla Automation - ******** > User enter the userName & Peassword < ***********
2021-04-17 15:00:16,929 [main] INFO Zoopla Automation - ******** > User click on the signing button < ***********
2021-04-17 15:00:16,957 [main] INFO Zoopla Automation - ******** > User able to verify successfully login & verify the homepage title < ***********
2021-04-17 15:01:29,014 [main] INFO Zoopla Automation - ******** > Test excuted with chrome browser  < ***********
2021-04-17 15:01:31,457 [main] INFO Zoopla Automation - ******** > User able to enter URL  < ***********
2021-04-17 15:01:33,077 [main] INFO Zoopla Automation - ******** > User able click on Accept the cookies < ***********
2021-04-17 15:01:33,247 [main] INFO Zoopla Automation - ******** > User able to click on the login button < ***********
2021-04-17 15:01:34,989 [main] INFO Zoopla Automation - ******** > User enter the userName & Peassword < ***********
2021-04-17 15:01:35,349 [main] INFO Zoopla Automation - ******** > User click on the signing button < ***********
2021-04-17 15:01:35,375 [main] INFO Zoopla Automation - ******** > User able to verify successfully login & verify the homepage title < ***********
2021-04-17 15:03:02,312 [main] INFO Zoopla Automation - ******** > Test excuted with chrome browser  < ***********
2021-04-17 15:03:04,648 [main] INFO Zoopla Automation - ******** > User able to enter URL  < ***********
2021-04-17 15:03:07,254 [main] INFO Zoopla Automation - ******** > User able click on Accept the cookies < ***********
2021-04-17 15:03:07,450 [main] INFO Zoopla Automation - ******** > User able to click on the login button < ***********
2021-04-17 15:03:09,040 [main] INFO Zoopla Automation - ******** > User enter the userName & Peassword < ***********
2021-04-17 15:03:09,387 [main] INFO Zoopla Automation - ******** > User click on the signing button < ***********
2021-04-17 15:03:09,419 [main] INFO Zoopla Automation - ******** > User able to verify successfully login & verify the homepage title < ***********
2021-04-17 15:03:11,437 [main] INFO Zoopla Automation - ******** > User able to take screen shot for verfy the homepage < ***********
2021-04-17 15:15:04,298 [main] INFO Zoopla Automation - ******** > Test excuted with chrome browser  < ***********
2021-04-17 15:15:06,672 [main] INFO Zoopla Automation - ******** > User able to enter URL  < ***********
2021-04-17 15:15:08,714 [main] INFO Zoopla Automation - ******** > User able click on Accept the cookies < ***********
2021-04-17 15:15:08,894 [main] INFO Zoopla Automation - ******** > User able to click on the login button < ***********
2021-04-17 15:15:09,849 [main] INFO Zoopla Automation - ******** > User enter the userName & Peassword < ***********
2021-04-17 15:15:10,394 [main] INFO Zoopla Automation - ******** > User click on the signing button < ***********
2021-04-17 15:15:10,419 [main] INFO Zoopla Automation - ******** > User able to verify successfully login & verify the homepage title < ***********
2021-04-17 15:15:12,435 [main] INFO Zoopla Automation - ******** > User able to take screen shot for verfy the homepage < ***********
2021-04-17 12:26:13,362 [main] INFO Zoopla Automation - ******** > Test excuted with chrome browser  < ***********
2021-04-17 12:26:17,989 [main] INFO Zoopla Automation - ******** > User able to enter URL  < ***********
2021-04-17 12:26:20,578 [main] INFO Zoopla Automation - ******** > User able click on Accept the cookies < ***********
2021-04-17 12:26:20,735 [main] INFO Zoopla Automation - ******** > User able to click on the login button < ***********
2021-04-17 12:26:22,120 [main] INFO Zoopla Automation - ******** > User enter the userName & Peassword < ***********
2021-04-17 12:26:22,365 [main] INFO Zoopla Automation - ******** > User click on the signing button < ***********
2021-04-17 12:26:22,382 [main] INFO Zoopla Automation - ******** > User able to verify successfully login & verify the homepage title < ***********
2021-04-17 12:26:24,391 [main] INFO Zoopla Automation - ******** > User able to take screen shot for verfy the homepage < ***********
2021-04-17 12:26:51,806 [main] INFO Zoopla Automation - ******** > Test excuted with chrome browser  < ***********
2021-04-17 12:26:53,692 [main] INFO Zoopla Automation - ******** > User able to enter URL  < ***********
2021-04-17 12:26:55,330 [main] INFO Zoopla Automation - ******** > User able click on Accept the cookies < ***********
2021-04-17 12:26:55,487 [main] INFO Zoopla Automation - ******** > User able to click on the login button < ***********
2021-04-17 12:26:56,794 [main] INFO Zoopla Automation - ******** > User enter the userName & Peassword < ***********
2021-04-17 12:26:57,040 [main] INFO Zoopla Automation - ******** > User click on the signing button < ***********
2021-04-17 12:26:57,058 [main] INFO Zoopla Automation - ******** > User able to verify successfully login & verify the homepage title < ***********
2021-04-17 12:26:59,071 [main] INFO Zoopla Automation - ******** > User able to take screen shot for verfy the homepage < ***********
2021-04-17 12:36:51,845 [main] INFO Zoopla Automation - ******** > Test excuted with chrome browser  < ***********
2021-04-17 12:36:54,068 [main] INFO Zoopla Automation - ******** > User able to enter URL  < ***********
2021-04-17 12:36:56,554 [main] INFO Zoopla Automation - ******** > User able click on Accept the cookies < ***********
2021-04-17 12:36:56,708 [main] INFO Zoopla Automation - ******** > User able to click on the login button < ***********
2021-04-17 12:36:58,097 [main] INFO Zoopla Automation - ******** > User enter the userName & Peassword < ***********
2021-04-17 12:36:58,341 [main] INFO Zoopla Automation - ******** > User click on the signing button < ***********
2021-04-17 12:36:58,357 [main] INFO Zoopla Automation - ******** > User able to verify successfully login & verify the homepage title < ***********
2021-04-17 12:37:00,367 [main] INFO Zoopla Automation - ******** > User able to take screen shot for verfy the homepage < ***********
2021-04-17 12:39:14,934 [main] INFO Zoopla Automation - ******** > Test excuted with chrome browser  < ***********
2021-04-17 12:39:16,853 [main] INFO Zoopla Automation - ******** > User able to enter URL  < ***********
2021-04-17 12:39:18,518 [main] INFO Zoopla Automation - ******** > User able click on Accept the cookies < ***********
2021-04-17 12:39:18,683 [main] INFO Zoopla Automation - ******** > User able to click on the login button < ***********
2021-04-17 12:39:20,042 [main] INFO Zoopla Automation - ******** > User enter the userName & Peassword < ***********
2021-04-17 12:39:20,306 [main] INFO Zoopla Automation - ******** > User click on the signing button < ***********
2021-04-17 12:39:20,322 [main] INFO Zoopla Automation - ******** > User able to verify successfully login & verify the homepage title < ***********
2021-04-17 12:39:22,333 [main] INFO Zoopla Automation - ******** > User able to take screen shot for verfy the homepage < ***********
2021-04-18 12:10:18,670 [main] INFO Zoopla Automation - ******** > Test excuted with chrome browser  < ***********
2021-04-18 12:10:23,064 [main] INFO Zoopla Automation - ******** > User able to enter URL  < ***********
2021-04-18 12:10:24,761 [main] INFO Zoopla Automation - ******** > User able click on Accept the cookies < ***********
2021-04-18 12:10:24,915 [main] INFO Zoopla Automation - ******** > User able to click on the login button < ***********
2021-04-18 12:10:26,225 [main] INFO Zoopla Automation - ******** > User enter the userName & Peassword < ***********
2021-04-18 12:10:26,458 [main] INFO Zoopla Automation - ******** > User click on the signing button < ***********
2021-04-18 12:10:26,475 [main] INFO Zoopla Automation - ******** > User able to verify successfully login & verify the homepage title < ***********
2021-04-18 12:10:28,484 [main] INFO Zoopla Automation - ******** > User able to take screen shot for verfy the homepage < ***********
2021-04-18 13:49:47,772 [main] INFO Zoopla Automation - ******** > Test excuted with chrome browser  < ***********
2021-04-18 13:49:49,642 [main] INFO Zoopla Automation - ******** > User able to enter URL  < ***********
2021-04-18 13:49:51,340 [main] INFO Zoopla Automation - ******** > User able click on Accept the cookies < ***********
2021-04-18 13:49:51,490 [main] INFO Zoopla Automation - ******** > User able to click on the login button < ***********
2021-04-18 13:49:52,818 [main] INFO Zoopla Automation - ******** > User enter the userName & Peassword < ***********
2021-04-18 13:49:53,046 [main] INFO Zoopla Automation - ******** > User click on the signing button < ***********
2021-04-18 13:49:53,062 [main] INFO Zoopla Automation - ******** > User able to verify successfully login & verify the homepage title < ***********
2021-04-18 13:49:55,068 [main] INFO Zoopla Automation - ******** > User able to take screen shot for verfy the homepage < ***********
2021-04-20 00:11:27,630 [main] INFO Zoopla Automation - ******** > Test excuted with chrome browser  < ***********
2021-04-20 00:11:32,224 [main] INFO Zoopla Automation - ******** > User able to enter URL  < ***********
2021-04-20 00:11:33,904 [main] INFO Zoopla Automation - ******** > User able click on Accept the cookies < ***********
2021-04-20 00:11:34,068 [main] INFO Zoopla Automation - ******** > User able to click on the login button < ***********
2021-04-20 00:11:35,411 [main] INFO Zoopla Automation - ******** > User enter the userName & Peassword < ***********
2021-04-20 00:11:35,659 [main] INFO Zoopla Automation - ******** > User click on the signing button < ***********
2021-04-20 00:11:35,674 [main] INFO Zoopla Automation - ******** > User able to verify successfully login & verify the homepage title < ***********
2021-04-20 00:11:37,688 [main] INFO Zoopla Automation - ******** > User able to take screen shot for verfy the homepage < ***********
2021-04-20 00:16:51,869 [main] INFO Zoopla Automation - ******** > Test excuted with chrome browser  < ***********
2021-04-20 00:16:53,884 [main] INFO Zoopla Automation - ******** > User able to enter URL  < ***********
2021-04-20 00:16:55,597 [main] INFO Zoopla Automation - ******** > User able click on Accept the cookies < ***********
2021-04-20 00:16:55,749 [main] INFO Zoopla Automation - ******** > User able to click on the login button < ***********
2021-04-20 00:16:57,130 [main] INFO Zoopla Automation - ******** > User enter the userName & Peassword < ***********
2021-04-20 00:16:57,369 [main] INFO Zoopla Automation - ******** > User click on the signing button < ***********
2021-04-20 00:16:57,384 [main] INFO Zoopla Automation - ******** > User able to verify successfully login & verify the homepage title < ***********
2021-04-20 00:16:59,391 [main] INFO Zoopla Automation - ******** > User able to take screen shot for verfy the homepage < ***********
2021-04-20 00:20:38,239 [main] INFO Zoopla Automation - ******** > Test excuted with chrome browser  < ***********
2021-04-20 00:20:40,068 [main] INFO Zoopla Automation - ******** > User able to enter URL  < ***********
2021-04-20 00:20:41,681 [main] INFO Zoopla Automation - ******** > User able click on Accept the cookies < ***********
2021-04-20 00:20:41,834 [main] INFO Zoopla Automation - ******** > User able to click on the login button < ***********
2021-04-20 00:20:42,728 [main] INFO Zoopla Automation - ******** > User enter the userName & Peassword < ***********
2021-04-20 00:20:43,123 [main] INFO Zoopla Automation - ******** > User click on the signing button < ***********
2021-04-20 00:20:43,148 [main] INFO Zoopla Automation - ******** > User able to verify successfully login & verify the homepage title < ***********
2021-04-20 00:20:45,157 [main] INFO Zoopla Automation - ******** > User able to take screen shot for verfy the homepage < ***********
2021-04-20 00:25:26,811 [main] INFO Zoopla Automation - ******** > Test excuted with chrome browser  < ***********
2021-04-20 00:25:28,655 [main] INFO Zoopla Automation - ******** > User able to enter URL  < ***********
2021-04-20 00:25:30,218 [main] INFO Zoopla Automation - ******** > User able click on Accept the cookies < ***********
2021-04-20 00:25:30,368 [main] INFO Zoopla Automation - ******** > User able to click on the login button < ***********
2021-04-20 00:25:31,313 [main] INFO Zoopla Automation - ******** > User enter the userName & Peassword < ***********
2021-04-20 00:25:31,710 [main] INFO Zoopla Automation - ******** > User click on the signing button < ***********
2021-04-20 00:25:31,727 [main] INFO Zoopla Automation - ******** > User able to verify successfully login & verify the homepage title < ***********
2021-04-20 00:25:33,735 [main] INFO Zoopla Automation - ******** > User able to take screen shot for verfy the homepage < ***********
2021-04-20 00:33:11,571 [main] INFO Zoopla Automation - ******** > Test excuted with chrome browser  < ***********
2021-04-20 00:33:13,439 [main] INFO Zoopla Automation - ******** > User able to enter URL  < ***********
2021-04-20 00:33:15,097 [main] INFO Zoopla Automation - ******** > User able click on Accept the cookies < ***********
2021-04-20 00:33:15,251 [main] INFO Zoopla Automation - ******** > User able to click on the login button < ***********
2021-04-20 00:33:16,127 [main] INFO Zoopla Automation - ******** > User enter the userName & Peassword < ***********
2021-04-20 00:33:16,620 [main] INFO Zoopla Automation - ******** > User click on the signing button < ***********
2021-04-20 00:33:16,640 [main] INFO Zoopla Automation - ******** > User able to verify successfully login & verify the homepage title < ***********
2021-04-20 00:33:18,650 [main] INFO Zoopla Automation - ******** > User able to take screen shot for verfy the homepage < ***********
2021-04-20 11:23:40,820 [main] INFO Zoopla Automation - ******** > Test excuted with chrome browser  < ***********
2021-04-20 11:23:45,089 [main] INFO Zoopla Automation - ******** > User able to enter URL  < ***********
2021-04-20 11:23:46,695 [main] INFO Zoopla Automation - ******** > User able click on Accept the cookies < ***********
2021-04-20 11:23:46,860 [main] INFO Zoopla Automation - ******** > User able to click on the login button < ***********
2021-04-20 11:23:48,308 [main] INFO Zoopla Automation - ******** > User enter the userName & Peassword < ***********
2021-04-20 11:23:48,543 [main] INFO Zoopla Automation - ******** > User click on the signing button < ***********
2021-04-20 11:23:48,563 [main] INFO Zoopla Automation - ******** > User able to verify successfully login & verify the homepage title < ***********
2021-04-20 11:23:50,575 [main] INFO Zoopla Automation - ******** > User able to take screen shot for verfy the homepage < ***********
2021-04-20 12:26:59,995 [main] INFO Zoopla Automation - ******** > Test excuted with chrome browser  < ***********
2021-04-20 12:27:01,563 [main] INFO Zoopla Automation - ******** > User able to enter URL  < ***********
2021-04-20 12:27:03,381 [main] INFO Zoopla Automation - ******** > User able click on Accept the cookies < ***********
2021-04-20 12:27:03,531 [main] INFO Zoopla Automation - ******** > User able to click on the login button < ***********
2021-04-20 12:27:04,870 [main] INFO Zoopla Automation - ******** > User enter the userName & Peassword < ***********
2021-04-20 12:27:05,098 [main] INFO Zoopla Automation - ******** > User click on the signing button < ***********
2021-04-20 12:27:05,113 [main] INFO Zoopla Automation - ******** > User able to verify successfully login & verify the homepage title < ***********
2021-04-20 12:27:07,124 [main] INFO Zoopla Automation - ******** > User able to take screen shot for verfy the homepage < ***********
2021-04-23 20:09:45,859 [main] INFO Zoopla Automation - ******** > Test excuted with chrome browser  < ***********
2021-04-23 20:09:47,811 [main] INFO Zoopla Automation - ******** > User able to enter URL  < ***********
2021-04-23 20:09:49,544 [main] INFO Zoopla Automation - ******** > User able click on Accept the cookies < ***********
2021-04-23 20:09:49,719 [main] INFO Zoopla Automation - ******** > User able to click on the login button < ***********
2021-04-23 20:09:51,096 [main] INFO Zoopla Automation - ******** > User enter the userName & Peassword < ***********
2021-04-23 20:09:51,331 [main] INFO Zoopla Automation - ******** > User click on the signing button < ***********
2021-04-23 20:09:51,346 [main] INFO Zoopla Automation - ******** > User able to verify successfully login & verify the homepage title < ***********
2021-04-23 20:09:53,352 [main] INFO Zoopla Automation - ******** > User able to take screen shot for verfy the homepage < ***********
2021-04-23 20:41:09,577 [main] INFO Zoopla Automation - ******** > Test excuted with chrome browser  < ***********
2021-04-23 20:41:11,424 [main] INFO Zoopla Automation - ******** > User able to enter URL  < ***********
2021-04-23 20:41:13,820 [main] INFO Zoopla Automation - ******** > User able click on Accept the cookies < ***********
2021-04-23 20:41:13,980 [main] INFO Zoopla Automation - ******** > User able to click on the login button < ***********
2021-04-23 20:41:15,378 [main] INFO Zoopla Automation - ******** > User enter the userName & Peassword < ***********
2021-04-23 20:41:15,615 [main] INFO Zoopla Automation - ******** > User click on the signing button < ***********
2021-04-23 20:41:15,630 [main] INFO Zoopla Automation - ******** > User able to verify successfully login & verify the homepage title < ***********
2021-04-23 20:41:17,639 [main] INFO Zoopla Automation - ******** > User able to take screen shot for verfy the homepage < ***********
